{"$message_type":"diagnostic","message":"unused imports: `ControlFlow` and `event::*`","code":{"code":"unused_imports","explanation":null},"level":"warning","spans":[{"file_name":"src/main.rs","byte_start":16,"byte_end":24,"line_start":2,"line_end":2,"column_start":4,"column_end":12,"is_primary":true,"text":[{"text":"   event::*,","highlight_start":4,"highlight_end":12}],"label":null,"suggested_replacement":null,"suggestion_applicability":null,"expansion":null},{"file_name":"src/main.rs","byte_start":42,"byte_end":53,"line_start":3,"line_end":3,"column_start":17,"column_end":28,"is_primary":true,"text":[{"text":"   event_loop::{ControlFlow, EventLoop},","highlight_start":17,"highlight_end":28}],"label":null,"suggested_replacement":null,"suggestion_applicability":null,"expansion":null}],"children":[{"message":"`#[warn(unused_imports)]` (part of `#[warn(unused)]`) on by default","code":null,"level":"note","spans":[],"children":[],"rendered":null},{"message":"remove the unused imports","code":null,"level":"help","spans":[{"file_name":"src/main.rs","byte_start":16,"byte_end":29,"line_start":2,"line_end":3,"column_start":4,"column_end":4,"is_primary":true,"text":[{"text":"   event::*,","highlight_start":4,"highlight_end":13},{"text":"   event_loop::{ControlFlow, EventLoop},","highlight_start":1,"highlight_end":4}],"label":null,"suggested_replacement":"","suggestion_applicability":"MachineApplicable","expansion":null},{"file_name":"src/main.rs","byte_start":42,"byte_end":55,"line_start":3,"line_end":3,"column_start":17,"column_end":30,"is_primary":true,"text":[{"text":"   event_loop::{ControlFlow, EventLoop},","highlight_start":17,"highlight_end":30}],"label":null,"suggested_replacement":"","suggestion_applicability":"MachineApplicable","expansion":null},{"file_name":"src/main.rs","byte_start":41,"byte_end":42,"line_start":3,"line_end":3,"column_start":16,"column_end":17,"is_primary":true,"text":[{"text":"   event_loop::{ControlFlow, EventLoop},","highlight_start":16,"highlight_end":17}],"label":null,"suggested_replacement":"","suggestion_applicability":"MachineApplicable","expansion":null},{"file_name":"src/main.rs","byte_start":64,"byte_end":65,"line_start":3,"line_end":3,"column_start":39,"column_end":40,"is_primary":true,"text":[{"text":"   event_loop::{ControlFlow, EventLoop},","highlight_start":39,"highlight_end":40}],"label":null,"suggested_replacement":"","suggestion_applicability":"MachineApplicable","expansion":null}],"children":[],"rendered":null}],"rendered":"\u001b[1m\u001b[33mwarning\u001b[0m\u001b[1m: unused imports: `ControlFlow` and `event::*`\u001b[0m\n \u001b[1m\u001b[94m--> \u001b[0msrc/main.rs:2:4\n  \u001b[1m\u001b[94m|\u001b[0m\n\u001b[1m\u001b[94m2\u001b[0m \u001b[1m\u001b[94m|\u001b[0m    event::*,\n  \u001b[1m\u001b[94m|\u001b[0m    \u001b[1m\u001b[33m^^^^^^^^\u001b[0m\n\u001b[1m\u001b[94m3\u001b[0m \u001b[1m\u001b[94m|\u001b[0m    event_loop::{ControlFlow, EventLoop},\n  \u001b[1m\u001b[94m|\u001b[0m                 \u001b[1m\u001b[33m^^^^^^^^^^^\u001b[0m\n  \u001b[1m\u001b[94m|\u001b[0m\n  \u001b[1m\u001b[94m= \u001b[0m\u001b[1mnote\u001b[0m: `#[warn(unused_imports)]` (part of `#[warn(unused)]`) on by default\n\n"}
{"$message_type":"diagnostic","message":"the `?` operator can only be used in a function that returns `Result` or `Option` (or another type that implements `FromResidual`)","code":{"code":"E0277","explanation":"You tried to use a type which doesn't implement some trait in a place which\nexpected that trait.\n\nErroneous code example:\n\n```compile_fail,E0277\n// here we declare the Foo trait with a bar method\ntrait Foo {\n    fn bar(&self);\n}\n\n// we now declare a function which takes an object implementing the Foo trait\nfn some_func<T: Foo>(foo: T) {\n    foo.bar();\n}\n\nfn main() {\n    // we now call the method with the i32 type, which doesn't implement\n    // the Foo trait\n    some_func(5i32); // error: the trait bound `i32 : Foo` is not satisfied\n}\n```\n\nIn order to fix this error, verify that the type you're using does implement\nthe trait. Example:\n\n```\ntrait Foo {\n    fn bar(&self);\n}\n\n// we implement the trait on the i32 type\nimpl Foo for i32 {\n    fn bar(&self) {}\n}\n\nfn some_func<T: Foo>(foo: T) {\n    foo.bar(); // we can now use this method since i32 implements the\n               // Foo trait\n}\n\nfn main() {\n    some_func(5i32); // ok!\n}\n```\n\nOr in a generic context, an erroneous code example would look like:\n\n```compile_fail,E0277\nfn some_func<T>(foo: T) {\n    println!(\"{:?}\", foo); // error: the trait `core::fmt::Debug` is not\n                           //        implemented for the type `T`\n}\n\nfn main() {\n    // We now call the method with the i32 type,\n    // which *does* implement the Debug trait.\n    some_func(5i32);\n}\n```\n\nNote that the error here is in the definition of the generic function. Although\nwe only call it with a parameter that does implement `Debug`, the compiler\nstill rejects the function. It must work with all possible input types. In\norder to make this example compile, we need to restrict the generic type we're\naccepting:\n\n```\nuse std::fmt;\n\n// Restrict the input type to types that implement Debug.\nfn some_func<T: fmt::Debug>(foo: T) {\n    println!(\"{:?}\", foo);\n}\n\nfn main() {\n    // Calling the method is still fine, as i32 implements Debug.\n    some_func(5i32);\n\n    // This would fail to compile now:\n    // struct WithoutDebug;\n    // some_func(WithoutDebug);\n}\n```\n\nRust only looks at the signature of the called function, as such it must\nalready specify all requirements that will be used for every type parameter.\n"},"level":"error","spans":[{"file_name":"src/main.rs","byte_start":200,"byte_end":201,"line_start":11,"line_end":11,"column_start":55,"column_end":56,"is_primary":true,"text":[{"text":"    let ev_loop = EventLoop::with_user_event().build()?;","highlight_start":55,"highlight_end":56}],"label":"cannot use the `?` operator in a function that returns `()`","suggested_replacement":null,"suggestion_applicability":null,"expansion":{"span":{"file_name":"src/main.rs","byte_start":200,"byte_end":201,"line_start":11,"line_end":11,"column_start":55,"column_end":56,"is_primary":false,"text":[{"text":"    let ev_loop = EventLoop::with_user_event().build()?;","highlight_start":55,"highlight_end":56}],"label":null,"suggested_replacement":null,"suggestion_applicability":null,"expansion":null},"macro_decl_name":"desugaring of operator `?`","def_site_span":{"file_name":"src/main.rs","byte_start":0,"byte_end":0,"line_start":1,"line_end":1,"column_start":1,"column_end":1,"is_primary":false,"text":[],"label":null,"suggested_replacement":null,"suggestion_applicability":null,"expansion":null}}},{"file_name":"src/main.rs","byte_start":90,"byte_end":99,"line_start":7,"line_end":7,"column_start":1,"column_end":10,"is_primary":false,"text":[{"text":"fn main() {","highlight_start":1,"highlight_end":10}],"label":"this function should return `Result` or `Option` to accept `?`","suggested_replacement":null,"suggestion_applicability":null,"expansion":null}],"children":[{"message":"consider adding return type","code":null,"level":"help","spans":[{"file_name":"src/main.rs","byte_start":99,"byte_end":99,"line_start":7,"line_end":7,"column_start":10,"column_end":10,"is_primary":true,"text":[{"text":"fn main() {","highlight_start":10,"highlight_end":10}],"label":null,"suggested_replacement":" -> Result<(), Box<dyn std::error::Error>>","suggestion_applicability":"MaybeIncorrect","expansion":null},{"file_name":"src/main.rs","byte_start":406,"byte_end":406,"line_start":20,"line_end":20,"column_start":1,"column_end":1,"is_primary":true,"text":[{"text":"}","highlight_start":1,"highlight_end":1}],"label":null,"suggested_replacement":"    Ok(())\n","suggestion_applicability":"MaybeIncorrect","expansion":null}],"children":[],"rendered":null}],"rendered":"\u001b[1m\u001b[91merror[E0277]\u001b[0m\u001b[1m: the `?` operator can only be used in a function that returns `Result` or `Option` (or another type that implements `FromResidual`)\u001b[0m\n  \u001b[1m\u001b[94m--> \u001b[0msrc/main.rs:11:55\n   \u001b[1m\u001b[94m|\u001b[0m\n \u001b[1m\u001b[94m7\u001b[0m \u001b[1m\u001b[94m|\u001b[0m fn main() {\n   \u001b[1m\u001b[94m|\u001b[0m \u001b[1m\u001b[94m---------\u001b[0m \u001b[1m\u001b[94mthis function should return `Result` or `Option` to accept `?`\u001b[0m\n\u001b[1m\u001b[94m...\u001b[0m\n\u001b[1m\u001b[94m11\u001b[0m \u001b[1m\u001b[94m|\u001b[0m     let ev_loop = EventLoop::with_user_event().build()?;\n   \u001b[1m\u001b[94m|\u001b[0m                                                       \u001b[1m\u001b[91m^\u001b[0m \u001b[1m\u001b[91mcannot use the `?` operator in a function that returns `()`\u001b[0m\n   \u001b[1m\u001b[94m|\u001b[0m\n\u001b[1m\u001b[96mhelp\u001b[0m: consider adding return type\n   \u001b[1m\u001b[94m|\u001b[0m\n \u001b[1m\u001b[94m7\u001b[0m \u001b[92m~ \u001b[0mfn main()\u001b[92m -> Result<(), Box<dyn std::error::Error>>\u001b[0m {\n \u001b[1m\u001b[94m8\u001b[0m \u001b[1m\u001b[94m|\u001b[0m     env_logger::init();\n\u001b[1m\u001b[94m...\u001b[0m\n\u001b[1m\u001b[94m19\u001b[0m \u001b[1m\u001b[94m|\u001b[0m     ev_loop.run_app(&mut move |event, handler| {});\n\u001b[1m\u001b[94m20\u001b[0m \u001b[92m+     Ok(())\u001b[0m\n   \u001b[1m\u001b[94m|\u001b[0m\n\n"}
{"$message_type":"diagnostic","message":"use of deprecated method `winit::event_loop::EventLoop::<T>::create_window`: use `ActiveEventLoop::create_window` instead","code":{"code":"deprecated","explanation":null},"level":"warning","spans":[{"file_name":"src/main.rs","byte_start":290,"byte_end":303,"line_start":15,"line_end":15,"column_start":10,"column_end":23,"is_primary":true,"text":[{"text":"        .create_window(window_attr)","highlight_start":10,"highlight_end":23}],"label":null,"suggested_replacement":null,"suggestion_applicability":null,"expansion":null}],"children":[{"message":"`#[warn(deprecated)]` on by default","code":null,"level":"note","spans":[],"children":[],"rendered":null}],"rendered":"\u001b[1m\u001b[33mwarning\u001b[0m\u001b[1m: use of deprecated method `winit::event_loop::EventLoop::<T>::create_window`: use `ActiveEventLoop::create_window` instead\u001b[0m\n  \u001b[1m\u001b[94m--> \u001b[0msrc/main.rs:15:10\n   \u001b[1m\u001b[94m|\u001b[0m\n\u001b[1m\u001b[94m15\u001b[0m \u001b[1m\u001b[94m|\u001b[0m         .create_window(window_attr)\n   \u001b[1m\u001b[94m|\u001b[0m          \u001b[1m\u001b[33m^^^^^^^^^^^^^\u001b[0m\n   \u001b[1m\u001b[94m|\u001b[0m\n   \u001b[1m\u001b[94m= \u001b[0m\u001b[1mnote\u001b[0m: `#[warn(deprecated)]` on by default\n\n"}
{"$message_type":"diagnostic","message":"the trait bound `{closure@src/main.rs:19:26: 19:47}: ApplicationHandler<_>` is not satisfied","code":{"code":"E0277","explanation":"You tried to use a type which doesn't implement some trait in a place which\nexpected that trait.\n\nErroneous code example:\n\n```compile_fail,E0277\n// here we declare the Foo trait with a bar method\ntrait Foo {\n    fn bar(&self);\n}\n\n// we now declare a function which takes an object implementing the Foo trait\nfn some_func<T: Foo>(foo: T) {\n    foo.bar();\n}\n\nfn main() {\n    // we now call the method with the i32 type, which doesn't implement\n    // the Foo trait\n    some_func(5i32); // error: the trait bound `i32 : Foo` is not satisfied\n}\n```\n\nIn order to fix this error, verify that the type you're using does implement\nthe trait. Example:\n\n```\ntrait Foo {\n    fn bar(&self);\n}\n\n// we implement the trait on the i32 type\nimpl Foo for i32 {\n    fn bar(&self) {}\n}\n\nfn some_func<T: Foo>(foo: T) {\n    foo.bar(); // we can now use this method since i32 implements the\n               // Foo trait\n}\n\nfn main() {\n    some_func(5i32); // ok!\n}\n```\n\nOr in a generic context, an erroneous code example would look like:\n\n```compile_fail,E0277\nfn some_func<T>(foo: T) {\n    println!(\"{:?}\", foo); // error: the trait `core::fmt::Debug` is not\n                           //        implemented for the type `T`\n}\n\nfn main() {\n    // We now call the method with the i32 type,\n    // which *does* implement the Debug trait.\n    some_func(5i32);\n}\n```\n\nNote that the error here is in the definition of the generic function. Although\nwe only call it with a parameter that does implement `Debug`, the compiler\nstill rejects the function. It must work with all possible input types. In\norder to make this example compile, we need to restrict the generic type we're\naccepting:\n\n```\nuse std::fmt;\n\n// Restrict the input type to types that implement Debug.\nfn some_func<T: fmt::Debug>(foo: T) {\n    println!(\"{:?}\", foo);\n}\n\nfn main() {\n    // Calling the method is still fine, as i32 implements Debug.\n    some_func(5i32);\n\n    // This would fail to compile now:\n    // struct WithoutDebug;\n    // some_func(WithoutDebug);\n}\n```\n\nRust only looks at the signature of the called function, as such it must\nalready specify all requirements that will be used for every type parameter.\n"},"level":"error","spans":[{"file_name":"src/main.rs","byte_start":374,"byte_end":403,"line_start":19,"line_end":19,"column_start":21,"column_end":50,"is_primary":true,"text":[{"text":"    ev_loop.run_app(&mut move |event, handler| {});","highlight_start":21,"highlight_end":50}],"label":"the trait `ApplicationHandler<_>` is not implemented for closure `{closure@src/main.rs:19:26: 19:47}`","suggested_replacement":null,"suggestion_applicability":null,"expansion":null},{"file_name":"src/main.rs","byte_start":366,"byte_end":373,"line_start":19,"line_end":19,"column_start":13,"column_end":20,"is_primary":false,"text":[{"text":"    ev_loop.run_app(&mut move |event, handler| {});","highlight_start":13,"highlight_end":20}],"label":"required by a bound introduced by this call","suggested_replacement":null,"suggestion_applicability":null,"expansion":null}],"children":[{"message":"the following other types implement trait `ApplicationHandler<T>`:\n  &mut A\n  Box<A>","code":null,"level":"help","spans":[],"children":[],"rendered":null},{"message":"required by a bound in `EventLoop::<T>::run_app`","code":null,"level":"note","spans":[{"file_name":"/home/xenontf/.cargo/registry/src/index.crates.io-1949cf8c6b5b557f/winit-0.30.12/src/event_loop.rs","byte_start":10095,"byte_end":10116,"line_start":264,"line_end":264,"column_start":23,"column_end":44,"is_primary":true,"text":[{"text":"    pub fn run_app<A: ApplicationHandler<T>>(self, app: &mut A) -> Result<(), EventLoopError> {","highlight_start":23,"highlight_end":44}],"label":"required by this bound in `EventLoop::<T>::run_app`","suggested_replacement":null,"suggestion_applicability":null,"expansion":null}],"children":[],"rendered":null}],"rendered":"\u001b[1m\u001b[91merror[E0277]\u001b[0m\u001b[1m: the trait bound `{closure@src/main.rs:19:26: 19:47}: ApplicationHandler<_>` is not satisfied\u001b[0m\n   \u001b[1m\u001b[94m--> \u001b[0msrc/main.rs:19:21\n    \u001b[1m\u001b[94m|\u001b[0m\n \u001b[1m\u001b[94m19\u001b[0m \u001b[1m\u001b[94m|\u001b[0m     ev_loop.run_app(&mut move |event, handler| {});\n    \u001b[1m\u001b[94m|\u001b[0m             \u001b[1m\u001b[94m-------\u001b[0m \u001b[1m\u001b[91m^^^^^^^^^^^^^^^^^^^^^^^^^^^^^\u001b[0m \u001b[1m\u001b[91mthe trait `ApplicationHandler<_>` is not implemented for closure `{closure@src/main.rs:19:26: 19:47}`\u001b[0m\n    \u001b[1m\u001b[94m|\u001b[0m             \u001b[1m\u001b[94m|\u001b[0m\n    \u001b[1m\u001b[94m|\u001b[0m             \u001b[1m\u001b[94mrequired by a bound introduced by this call\u001b[0m\n    \u001b[1m\u001b[94m|\u001b[0m\n    \u001b[1m\u001b[94m= \u001b[0m\u001b[1mhelp\u001b[0m: the following other types implement trait `ApplicationHandler<T>`:\n              &mut A\n              Box<A>\n\u001b[1m\u001b[92mnote\u001b[0m: required by a bound in `EventLoop::<T>::run_app`\n   \u001b[1m\u001b[94m--> \u001b[0m/home/xenontf/.cargo/registry/src/index.crates.io-1949cf8c6b5b557f/winit-0.30.12/src/event_loop.rs:264:23\n    \u001b[1m\u001b[94m|\u001b[0m\n\u001b[1m\u001b[94m264\u001b[0m \u001b[1m\u001b[94m|\u001b[0m     pub fn run_app<A: ApplicationHandler<T>>(self, app: &mut A) -> Result<(), EventLoopError> {\n    \u001b[1m\u001b[94m|\u001b[0m                       \u001b[1m\u001b[92m^^^^^^^^^^^^^^^^^^^^^\u001b[0m \u001b[1m\u001b[92mrequired by this bound in `EventLoop::<T>::run_app`\u001b[0m\n\n"}
{"$message_type":"diagnostic","message":"aborting due to 2 previous errors; 2 warnings emitted","code":null,"level":"error","spans":[],"children":[],"rendered":"\u001b[1m\u001b[91merror\u001b[0m\u001b[1m: aborting due to 2 previous errors; 2 warnings emitted\u001b[0m\n\n"}
{"$message_type":"diagnostic","message":"For more information about this error, try `rustc --explain E0277`.","code":null,"level":"failure-note","spans":[],"children":[],"rendered":"\u001b[1mFor more information about this error, try `rustc --explain E0277`.\u001b[0m\n"}
